<?xml version="1.0" encoding="UTF-8"?>
<TestRun id="4357f057-2a2b-45c0-a2c6-8946ec753c59" name="Administrator@PC201303101751 2013-04-15 09:52:29" runUser="PC201303101751\Administrator" xmlns="http://microsoft.com/schemas/VisualStudio/TeamTest/2010">
  <TestSettings name="本地" id="c01c5c29-c5de-4fb5-8960-d83782060d91">
    <Description>这些设置为本地测试运行的默认测试设置。</Description>
    <Deployment enabled="false" runDeploymentRoot="Administrator_PC201303101751 2013-04-15 09_52_29">
      <DeploymentItem filename="E:\VSProject\MyQQ\MyQQ\bin\Debug\MyQQ.exe" />
      <DeploymentItem filename="E:\VSProject\MyQQ\MyQQ\bin\Debug\SideBar.dll" />
    </Deployment>
    <Execution>
      <TestTypeSpecific />
      <AgentRule name="Execution Agents">
      </AgentRule>
    </Execution>
  </TestSettings>
  <Times creation="2013-04-15T09:52:29.3552960+08:00" queuing="2013-04-15T09:52:30.2393466+08:00" start="2013-04-15T09:52:30.4203569+08:00" finish="2013-04-15T09:52:32.9064991+08:00" />
  <ResultSummary outcome="Failed">
    <Counters total="2" executed="2" passed="1" error="0" failed="1" timeout="0" aborted="0" inconclusive="0" passedButRunAborted="0" notRunnable="0" notExecuted="0" disconnected="0" warning="0" completed="0" inProgress="0" pending="0" />
  </ResultSummary>
  <TestDefinitions>
    <UnitTest name="CountTest" storage="e:\vsproject\myqq\testmyqq\bin\debug\testmyqq.dll" id="d0734733-d5a1-8f31-a432-02844054dcac">
      <Execution id="f3b982af-d048-4981-a6f2-df4888923496" />
      <TestMethod codeBase="E:/VSProject/MyQQ/TestMyQQ/bin/Debug/TestMyQQ.DLL" adapterTypeName="Microsoft.VisualStudio.TestTools.TestTypes.Unit.UnitTestAdapter, Microsoft.VisualStudio.QualityTools.Tips.UnitTest.Adapter, Version=10.0.0.0, Culture=neutral, PublicKeyToken=b03f5f7f11d50a3a" className="TestMyQQ.EntityFrameworkCRUDTest, TestMyQQ, Version=1.0.0.0, Culture=neutral, PublicKeyToken=null" name="CountTest" />
    </UnitTest>
    <UnitTest name="EntityFrameworkCRUDConstructorTest" storage="e:\vsproject\myqq\testmyqq\bin\debug\testmyqq.dll" id="50c6a964-f8ec-1e11-8aa0-a7f17bde8ee5">
      <Execution id="7c83e124-2c9a-4e32-b4c7-106dac5bd9f7" />
      <TestMethod codeBase="E:/VSProject/MyQQ/TestMyQQ/bin/Debug/TestMyQQ.DLL" adapterTypeName="Microsoft.VisualStudio.TestTools.TestTypes.Unit.UnitTestAdapter, Microsoft.VisualStudio.QualityTools.Tips.UnitTest.Adapter, Version=10.0.0.0, Culture=neutral, PublicKeyToken=b03f5f7f11d50a3a" className="TestMyQQ.EntityFrameworkCRUDTest, TestMyQQ, Version=1.0.0.0, Culture=neutral, PublicKeyToken=null" name="EntityFrameworkCRUDConstructorTest" />
    </UnitTest>
  </TestDefinitions>
  <TestLists>
    <TestList name="列表中未列出的结果" id="8c84fa94-04c1-424b-9868-57a2d4851a1d" />
    <TestList name="所有已加载的结果" id="19431567-8539-422a-85d7-44ee4e166bda" />
  </TestLists>
  <TestEntries>
    <TestEntry testId="50c6a964-f8ec-1e11-8aa0-a7f17bde8ee5" executionId="7c83e124-2c9a-4e32-b4c7-106dac5bd9f7" testListId="8c84fa94-04c1-424b-9868-57a2d4851a1d" />
    <TestEntry testId="d0734733-d5a1-8f31-a432-02844054dcac" executionId="f3b982af-d048-4981-a6f2-df4888923496" testListId="8c84fa94-04c1-424b-9868-57a2d4851a1d" />
  </TestEntries>
  <Results>
    <UnitTestResult executionId="7c83e124-2c9a-4e32-b4c7-106dac5bd9f7" testId="50c6a964-f8ec-1e11-8aa0-a7f17bde8ee5" testName="EntityFrameworkCRUDConstructorTest" computerName="PC201303101751" duration="00:00:00.0289867" startTime="2013-04-15T09:52:30.4693597+08:00" endTime="2013-04-15T09:52:32.2484615+08:00" testType="13cdc9d9-ddb5-4fa4-a97d-d965ccfc6d4b" outcome="Passed" testListId="8c84fa94-04c1-424b-9868-57a2d4851a1d" relativeResultsDirectory="7c83e124-2c9a-4e32-b4c7-106dac5bd9f7">
    </UnitTestResult>
    <UnitTestResult executionId="f3b982af-d048-4981-a6f2-df4888923496" testId="d0734733-d5a1-8f31-a432-02844054dcac" testName="CountTest" computerName="PC201303101751" duration="00:00:00.5731868" startTime="2013-04-15T09:52:32.2524617+08:00" endTime="2013-04-15T09:52:32.8354951+08:00" testType="13cdc9d9-ddb5-4fa4-a97d-d965ccfc6d4b" outcome="Failed" testListId="8c84fa94-04c1-424b-9868-57a2d4851a1d" relativeResultsDirectory="f3b982af-d048-4981-a6f2-df4888923496">
      <Output>
        <ErrorInfo>
          <Message>测试方法 TestMyQQ.EntityFrameworkCRUDTest.CountTest 引发了异常: 
System.ArgumentException: 指定的命名连接在配置中找不到、非计划用于 EntityClient 提供程序或者无效。</Message>
          <StackTrace>    在 System.Data.EntityClient.EntityConnection.ChangeConnectionString(String newConnectionString)
   在 System.Data.EntityClient.EntityConnection..ctor(String connectionString)
   在 System.Data.Objects.ObjectContext.CreateEntityConnection(String connectionString)
   在 System.Data.Objects.ObjectContext..ctor(String connectionString, String defaultContainerName)
   在 MyQQ.MyQQEntities..ctor() 位置 E:\VSProject\MyQQ\MyQQ\MyQQModel.Designer.cs:行号 46
   在 MyQQ.EntityFrameworkCRUD.Count() 位置 E:\VSProject\MyQQ\MyQQ\EntityFrameworkCRUD.cs:行号 15
   在 TestMyQQ.EntityFrameworkCRUDTest.CountTest() 位置 E:\VSProject\MyQQ\TestMyQQ\EntityFrameworkCRUDTest.cs:行号 87
</StackTrace>
        </ErrorInfo>
      </Output>
    </UnitTestResult>
  </Results>
</TestRun>