<?xml version="1.0" encoding="UTF-8"?>
<TestRun id="96c0c1e4-e7a6-4b6d-916e-cfbf72580028" name="Administrator@PC201303101751 2013-04-15 14:10:45" runUser="PC201303101751\Administrator" xmlns="http://microsoft.com/schemas/VisualStudio/TeamTest/2010">
  <TestSettings name="本地" id="c01c5c29-c5de-4fb5-8960-d83782060d91">
    <Description>这些设置为本地测试运行的默认测试设置。</Description>
    <Deployment enabled="false" runDeploymentRoot="Administrator_PC201303101751 2013-04-15 14_10_45">
      <DeploymentItem filename="E:\VSProject\MyQQ\MyQQ\bin\Debug\MyQQ.exe" />
      <DeploymentItem filename="E:\VSProject\MyQQ\MyQQ\bin\Debug\SideBar.dll" />
    </Deployment>
    <Execution>
      <TestTypeSpecific />
      <AgentRule name="Execution Agents">
      </AgentRule>
    </Execution>
  </TestSettings>
  <Times creation="2013-04-15T14:10:45.9904511+08:00" queuing="2013-04-15T14:10:46.0244531+08:00" start="2013-04-15T14:10:46.0444542+08:00" finish="2013-04-15T14:10:47.1225159+08:00" />
  <ResultSummary outcome="Failed">
    <Counters total="2" executed="2" error="0" failed="2" timeout="0" aborted="0" inconclusive="0" passedButRunAborted="0" notRunnable="0" notExecuted="0" disconnected="0" warning="0" passed="0" completed="0" inProgress="0" pending="0" />
  </ResultSummary>
  <TestDefinitions>
    <UnitTest name="CountTest" storage="e:\vsproject\myqq\testmyqq\bin\debug\testmyqq.dll" id="d0734733-d5a1-8f31-a432-02844054dcac">
      <Execution id="9a71cf19-35da-45a7-9fec-73e975b52778" />
      <TestMethod codeBase="E:/VSProject/MyQQ/TestMyQQ/bin/Debug/TestMyQQ.DLL" adapterTypeName="Microsoft.VisualStudio.TestTools.TestTypes.Unit.UnitTestAdapter, Microsoft.VisualStudio.QualityTools.Tips.UnitTest.Adapter, Version=10.0.0.0, Culture=neutral, PublicKeyToken=b03f5f7f11d50a3a" className="TestMyQQ.EntityFrameworkCRUDTest, TestMyQQ, Version=1.0.0.0, Culture=neutral, PublicKeyToken=null" name="CountTest" />
    </UnitTest>
    <UnitTest name="EntityFrameworkCRUDConstructorTest" storage="e:\vsproject\myqq\testmyqq\bin\debug\testmyqq.dll" id="50c6a964-f8ec-1e11-8aa0-a7f17bde8ee5">
      <Execution id="6a2275e3-700c-401d-a13b-47150eb65d75" />
      <TestMethod codeBase="E:/VSProject/MyQQ/TestMyQQ/bin/Debug/TestMyQQ.DLL" adapterTypeName="Microsoft.VisualStudio.TestTools.TestTypes.Unit.UnitTestAdapter, Microsoft.VisualStudio.QualityTools.Tips.UnitTest.Adapter, Version=10.0.0.0, Culture=neutral, PublicKeyToken=b03f5f7f11d50a3a" className="TestMyQQ.EntityFrameworkCRUDTest, TestMyQQ, Version=1.0.0.0, Culture=neutral, PublicKeyToken=null" name="EntityFrameworkCRUDConstructorTest" />
    </UnitTest>
  </TestDefinitions>
  <TestLists>
    <TestList name="列表中未列出的结果" id="8c84fa94-04c1-424b-9868-57a2d4851a1d" />
    <TestList name="所有已加载的结果" id="19431567-8539-422a-85d7-44ee4e166bda" />
  </TestLists>
  <TestEntries>
    <TestEntry testId="50c6a964-f8ec-1e11-8aa0-a7f17bde8ee5" executionId="6a2275e3-700c-401d-a13b-47150eb65d75" testListId="8c84fa94-04c1-424b-9868-57a2d4851a1d" />
    <TestEntry testId="d0734733-d5a1-8f31-a432-02844054dcac" executionId="9a71cf19-35da-45a7-9fec-73e975b52778" testListId="8c84fa94-04c1-424b-9868-57a2d4851a1d" />
  </TestEntries>
  <Results>
    <UnitTestResult executionId="6a2275e3-700c-401d-a13b-47150eb65d75" testId="50c6a964-f8ec-1e11-8aa0-a7f17bde8ee5" testName="EntityFrameworkCRUDConstructorTest" computerName="PC201303101751" duration="00:00:00.0966513" startTime="2013-04-15T14:10:46.1184585+08:00" endTime="2013-04-15T14:10:47.0665127+08:00" testType="13cdc9d9-ddb5-4fa4-a97d-d965ccfc6d4b" outcome="Failed" testListId="8c84fa94-04c1-424b-9868-57a2d4851a1d" relativeResultsDirectory="6a2275e3-700c-401d-a13b-47150eb65d75">
      <Output>
        <ErrorInfo>
          <Message>测试方法 TestMyQQ.EntityFrameworkCRUDTest.EntityFrameworkCRUDConstructorTest 引发了异常: 
System.NullReferenceException: 未将对象引用设置到对象的实例。</Message>
          <StackTrace>    在 MyQQ.dbmanagers.sqlDbManagers.entityManagers.EntityConnectionManager.GetConnection() 位置 E:\VSProject\MyQQ\MyQQ\dbmanagers\entityManagers\EntityConnectionManager.cs:行号 20
   在 MyQQ.EntityFrameworkCRUD..ctor() 位置 E:\VSProject\MyQQ\MyQQ\EntityFrameworkCRUD.cs:行号 24
   在 TestMyQQ.EntityFrameworkCRUDTest.EntityFrameworkCRUDConstructorTest() 位置 E:\VSProject\MyQQ\TestMyQQ\EntityFrameworkCRUDTest.cs:行号 73
</StackTrace>
        </ErrorInfo>
      </Output>
    </UnitTestResult>
    <UnitTestResult executionId="9a71cf19-35da-45a7-9fec-73e975b52778" testId="d0734733-d5a1-8f31-a432-02844054dcac" testName="CountTest" computerName="PC201303101751" duration="00:00:00.0029665" startTime="2013-04-15T14:10:47.0745131+08:00" endTime="2013-04-15T14:10:47.0875139+08:00" testType="13cdc9d9-ddb5-4fa4-a97d-d965ccfc6d4b" outcome="Failed" testListId="8c84fa94-04c1-424b-9868-57a2d4851a1d" relativeResultsDirectory="9a71cf19-35da-45a7-9fec-73e975b52778">
      <Output>
        <ErrorInfo>
          <Message>测试方法 TestMyQQ.EntityFrameworkCRUDTest.CountTest 引发了异常: 
System.NullReferenceException: 未将对象引用设置到对象的实例。</Message>
          <StackTrace>    在 MyQQ.dbmanagers.sqlDbManagers.entityManagers.EntityConnectionManager.GetConnection() 位置 E:\VSProject\MyQQ\MyQQ\dbmanagers\entityManagers\EntityConnectionManager.cs:行号 20
   在 MyQQ.EntityFrameworkCRUD..ctor() 位置 E:\VSProject\MyQQ\MyQQ\EntityFrameworkCRUD.cs:行号 24
   在 TestMyQQ.EntityFrameworkCRUDTest.CountTest() 位置 E:\VSProject\MyQQ\TestMyQQ\EntityFrameworkCRUDTest.cs:行号 83
</StackTrace>
        </ErrorInfo>
      </Output>
    </UnitTestResult>
  </Results>
</TestRun>