<?xml version="1.0" encoding="UTF-8"?>
<TestRun id="27f6aa4b-fd1c-4f80-bf64-b56190bf7407" name="Administrator@PC201303101751 2013-04-15 14:12:01" runUser="PC201303101751\Administrator" xmlns="http://microsoft.com/schemas/VisualStudio/TeamTest/2010">
  <TestSettings name="本地" id="c01c5c29-c5de-4fb5-8960-d83782060d91">
    <Description>这些设置为本地测试运行的默认测试设置。</Description>
    <Deployment enabled="false" runDeploymentRoot="Administrator_PC201303101751 2013-04-15 14_12_01">
      <DeploymentItem filename="E:\VSProject\MyQQ\MyQQ\bin\Debug\MyQQ.exe" />
      <DeploymentItem filename="E:\VSProject\MyQQ\MyQQ\bin\Debug\SideBar.dll" />
    </Deployment>
    <Execution>
      <TestTypeSpecific />
      <AgentRule name="Execution Agents">
      </AgentRule>
    </Execution>
  </TestSettings>
  <Times creation="2013-04-15T14:12:01.8087877+08:00" queuing="2013-04-15T14:12:08.6911813+08:00" start="2013-04-15T14:12:09.0051993+08:00" finish="2013-04-15T14:12:15.4955705+08:00" />
  <ResultSummary outcome="Completed">
    <Counters total="2" executed="2" passed="2" error="0" failed="0" timeout="0" aborted="0" inconclusive="0" passedButRunAborted="0" notRunnable="0" notExecuted="0" disconnected="0" warning="0" completed="0" inProgress="0" pending="0" />
  </ResultSummary>
  <TestDefinitions>
    <UnitTest name="CountTest" storage="e:\vsproject\myqq\testmyqq\bin\debug\testmyqq.dll" id="d0734733-d5a1-8f31-a432-02844054dcac">
      <Execution id="b691a121-0980-46b4-b64e-a0de47571cf0" />
      <TestMethod codeBase="E:/VSProject/MyQQ/TestMyQQ/bin/Debug/TestMyQQ.DLL" adapterTypeName="Microsoft.VisualStudio.TestTools.TestTypes.Unit.UnitTestAdapter, Microsoft.VisualStudio.QualityTools.Tips.UnitTest.Adapter, Version=10.0.0.0, Culture=neutral, PublicKeyToken=b03f5f7f11d50a3a" className="TestMyQQ.EntityFrameworkCRUDTest, TestMyQQ, Version=1.0.0.0, Culture=neutral, PublicKeyToken=null" name="CountTest" />
    </UnitTest>
    <UnitTest name="EntityFrameworkCRUDConstructorTest" storage="e:\vsproject\myqq\testmyqq\bin\debug\testmyqq.dll" id="50c6a964-f8ec-1e11-8aa0-a7f17bde8ee5">
      <Execution id="4268ce57-b6c5-4dc9-b855-831bf30a9385" />
      <TestMethod codeBase="E:/VSProject/MyQQ/TestMyQQ/bin/Debug/TestMyQQ.DLL" adapterTypeName="Microsoft.VisualStudio.TestTools.TestTypes.Unit.UnitTestAdapter, Microsoft.VisualStudio.QualityTools.Tips.UnitTest.Adapter, Version=10.0.0.0, Culture=neutral, PublicKeyToken=b03f5f7f11d50a3a" className="TestMyQQ.EntityFrameworkCRUDTest, TestMyQQ, Version=1.0.0.0, Culture=neutral, PublicKeyToken=null" name="EntityFrameworkCRUDConstructorTest" />
    </UnitTest>
  </TestDefinitions>
  <TestLists>
    <TestList name="列表中未列出的结果" id="8c84fa94-04c1-424b-9868-57a2d4851a1d" />
    <TestList name="所有已加载的结果" id="19431567-8539-422a-85d7-44ee4e166bda" />
  </TestLists>
  <TestEntries>
    <TestEntry testId="50c6a964-f8ec-1e11-8aa0-a7f17bde8ee5" executionId="4268ce57-b6c5-4dc9-b855-831bf30a9385" testListId="8c84fa94-04c1-424b-9868-57a2d4851a1d" />
    <TestEntry testId="d0734733-d5a1-8f31-a432-02844054dcac" executionId="b691a121-0980-46b4-b64e-a0de47571cf0" testListId="8c84fa94-04c1-424b-9868-57a2d4851a1d" />
  </TestEntries>
  <Results>
    <UnitTestResult executionId="4268ce57-b6c5-4dc9-b855-831bf30a9385" testId="50c6a964-f8ec-1e11-8aa0-a7f17bde8ee5" testName="EntityFrameworkCRUDConstructorTest" computerName="PC201303101751" duration="00:00:00.3725806" startTime="2013-04-15T14:12:09.1332066+08:00" endTime="2013-04-15T14:12:13.0664316+08:00" testType="13cdc9d9-ddb5-4fa4-a97d-d965ccfc6d4b" outcome="Passed" testListId="8c84fa94-04c1-424b-9868-57a2d4851a1d" relativeResultsDirectory="4268ce57-b6c5-4dc9-b855-831bf30a9385">
    </UnitTestResult>
    <UnitTestResult executionId="b691a121-0980-46b4-b64e-a0de47571cf0" testId="d0734733-d5a1-8f31-a432-02844054dcac" testName="CountTest" computerName="PC201303101751" duration="00:00:01.7670073" startTime="2013-04-15T14:12:13.0834326+08:00" endTime="2013-04-15T14:12:14.8715348+08:00" testType="13cdc9d9-ddb5-4fa4-a97d-d965ccfc6d4b" outcome="Passed" testListId="8c84fa94-04c1-424b-9868-57a2d4851a1d" relativeResultsDirectory="b691a121-0980-46b4-b64e-a0de47571cf0">
    </UnitTestResult>
  </Results>
</TestRun>