<?xml version="1.0" encoding="UTF-8"?>
<TestRun id="98130ffe-ffbd-48f3-8626-be9e811efa48" name="Administrator@PC201303101751 2013-04-15 14:20:48" runUser="PC201303101751\Administrator" xmlns="http://microsoft.com/schemas/VisualStudio/TeamTest/2010">
  <TestSettings name="本地" id="c01c5c29-c5de-4fb5-8960-d83782060d91">
    <Description>这些设置为本地测试运行的默认测试设置。</Description>
    <Deployment enabled="false" runDeploymentRoot="Administrator_PC201303101751 2013-04-15 14_20_48">
      <DeploymentItem filename="E:\VSProject\MyQQ\MyQQ\bin\Debug\MyQQ.exe" />
      <DeploymentItem filename="E:\VSProject\MyQQ\MyQQ\bin\Debug\SideBar.dll" />
    </Deployment>
    <Execution>
      <TestTypeSpecific />
      <AgentRule name="Execution Agents">
      </AgentRule>
    </Execution>
  </TestSettings>
  <Times creation="2013-04-15T14:20:48.8169308+08:00" queuing="2013-04-15T14:20:51.7410981+08:00" start="2013-04-15T14:20:52.2181254+08:00" finish="2013-04-15T14:21:00.1015763+08:00" />
  <ResultSummary outcome="Failed">
    <Counters total="3" executed="3" passed="2" error="0" failed="1" timeout="0" aborted="0" inconclusive="0" passedButRunAborted="0" notRunnable="0" notExecuted="0" disconnected="0" warning="0" completed="0" inProgress="0" pending="0" />
  </ResultSummary>
  <TestDefinitions>
    <UnitTest name="sqlTest" storage="e:\vsproject\myqq\testmyqq\bin\debug\testmyqq.dll" id="c69b01d4-6cc3-4d6c-38b4-5cdb8070962e">
      <Execution id="e9585abc-1362-41c2-9589-0ee04a2ce499" />
      <TestMethod codeBase="E:/VSProject/MyQQ/TestMyQQ/bin/Debug/TestMyQQ.DLL" adapterTypeName="Microsoft.VisualStudio.TestTools.TestTypes.Unit.UnitTestAdapter, Microsoft.VisualStudio.QualityTools.Tips.UnitTest.Adapter, Version=10.0.0.0, Culture=neutral, PublicKeyToken=b03f5f7f11d50a3a" className="TestMyQQ.EntityFrameworkCRUDTest, TestMyQQ, Version=1.0.0.0, Culture=neutral, PublicKeyToken=null" name="sqlTest" />
    </UnitTest>
    <UnitTest name="EntityFrameworkCRUDConstructorTest" storage="e:\vsproject\myqq\testmyqq\bin\debug\testmyqq.dll" id="50c6a964-f8ec-1e11-8aa0-a7f17bde8ee5">
      <Execution id="7d5c88b5-2fe1-498a-bedc-9aa043d8730e" />
      <TestMethod codeBase="E:/VSProject/MyQQ/TestMyQQ/bin/Debug/TestMyQQ.DLL" adapterTypeName="Microsoft.VisualStudio.TestTools.TestTypes.Unit.UnitTestAdapter, Microsoft.VisualStudio.QualityTools.Tips.UnitTest.Adapter, Version=10.0.0.0, Culture=neutral, PublicKeyToken=b03f5f7f11d50a3a" className="TestMyQQ.EntityFrameworkCRUDTest, TestMyQQ, Version=1.0.0.0, Culture=neutral, PublicKeyToken=null" name="EntityFrameworkCRUDConstructorTest" />
    </UnitTest>
    <UnitTest name="CountTest" storage="e:\vsproject\myqq\testmyqq\bin\debug\testmyqq.dll" id="d0734733-d5a1-8f31-a432-02844054dcac">
      <Execution id="18a80f6c-b2bb-4bf0-80d3-1e577301944c" />
      <TestMethod codeBase="E:/VSProject/MyQQ/TestMyQQ/bin/Debug/TestMyQQ.DLL" adapterTypeName="Microsoft.VisualStudio.TestTools.TestTypes.Unit.UnitTestAdapter, Microsoft.VisualStudio.QualityTools.Tips.UnitTest.Adapter, Version=10.0.0.0, Culture=neutral, PublicKeyToken=b03f5f7f11d50a3a" className="TestMyQQ.EntityFrameworkCRUDTest, TestMyQQ, Version=1.0.0.0, Culture=neutral, PublicKeyToken=null" name="CountTest" />
    </UnitTest>
  </TestDefinitions>
  <TestLists>
    <TestList name="列表中未列出的结果" id="8c84fa94-04c1-424b-9868-57a2d4851a1d" />
    <TestList name="所有已加载的结果" id="19431567-8539-422a-85d7-44ee4e166bda" />
  </TestLists>
  <TestEntries>
    <TestEntry testId="50c6a964-f8ec-1e11-8aa0-a7f17bde8ee5" executionId="7d5c88b5-2fe1-498a-bedc-9aa043d8730e" testListId="8c84fa94-04c1-424b-9868-57a2d4851a1d" />
    <TestEntry testId="c69b01d4-6cc3-4d6c-38b4-5cdb8070962e" executionId="e9585abc-1362-41c2-9589-0ee04a2ce499" testListId="8c84fa94-04c1-424b-9868-57a2d4851a1d" />
    <TestEntry testId="d0734733-d5a1-8f31-a432-02844054dcac" executionId="18a80f6c-b2bb-4bf0-80d3-1e577301944c" testListId="8c84fa94-04c1-424b-9868-57a2d4851a1d" />
  </TestEntries>
  <Results>
    <UnitTestResult executionId="7d5c88b5-2fe1-498a-bedc-9aa043d8730e" testId="50c6a964-f8ec-1e11-8aa0-a7f17bde8ee5" testName="EntityFrameworkCRUDConstructorTest" computerName="PC201303101751" duration="00:00:00.5709254" startTime="2013-04-15T14:20:52.2541274+08:00" endTime="2013-04-15T14:20:58.0194572+08:00" testType="13cdc9d9-ddb5-4fa4-a97d-d965ccfc6d4b" outcome="Passed" testListId="8c84fa94-04c1-424b-9868-57a2d4851a1d" relativeResultsDirectory="7d5c88b5-2fe1-498a-bedc-9aa043d8730e">
    </UnitTestResult>
    <UnitTestResult executionId="e9585abc-1362-41c2-9589-0ee04a2ce499" testId="c69b01d4-6cc3-4d6c-38b4-5cdb8070962e" testName="sqlTest" computerName="PC201303101751" duration="00:00:00.9147998" startTime="2013-04-15T14:20:58.0474588+08:00" endTime="2013-04-15T14:20:58.9865125+08:00" testType="13cdc9d9-ddb5-4fa4-a97d-d965ccfc6d4b" outcome="Failed" testListId="8c84fa94-04c1-424b-9868-57a2d4851a1d" relativeResultsDirectory="e9585abc-1362-41c2-9589-0ee04a2ce499">
      <Output>
        <ErrorInfo>
          <Message>测试方法 TestMyQQ.EntityFrameworkCRUDTest.sqlTest 引发了异常: 
System.Data.EntitySqlException: 查询语法无效。 附近 项 '*', 列 1, 列 15.</Message>
          <StackTrace>    在 System.Data.Common.EntitySql.CqlParser.yyerror(String s)
   在 System.Data.Common.EntitySql.CqlParser.yyparse()
   在 System.Data.Common.EntitySql.CqlParser.internalParseEntryPoint()
   在 System.Data.Common.EntitySql.CqlParser.Parse(String query)
   在 System.Data.Common.EntitySql.CqlQuery.Parse(String commandText, ParserOptions parserOptions)
   在 System.Data.Common.EntitySql.CqlQuery.CompileCommon[TResult](String commandText, Perspective perspective, ParserOptions parserOptions, Func`3 compilationFunction)
   在 System.Data.Common.EntitySql.CqlQuery.Compile(String commandText, Perspective perspective, ParserOptions parserOptions, IEnumerable`1 parameters)
   在 System.Data.EntityClient.EntityCommand.MakeCommandTree()
   在 System.Data.EntityClient.EntityCommand.CreateCommandDefinition()
   在 System.Data.EntityClient.EntityCommand.TryGetEntityCommandDefinitionFromQueryCache(EntityCommandDefinition&amp; entityCommandDefinition)
   在 System.Data.EntityClient.EntityCommand.GetCommandDefinition()
   在 System.Data.EntityClient.EntityCommand.InnerPrepare()
   在 System.Data.EntityClient.EntityCommand.Prepare()
   在 System.Data.EntityClient.EntityCommand.ExecuteReader(CommandBehavior behavior)
   在 System.Data.EntityClient.EntityCommand.ExecuteScalar[T_Result](Func`2 resultSelector)
   在 System.Data.EntityClient.EntityCommand.ExecuteScalar()
   在 MyQQ.EntityFrameworkCRUD.sql() 位置 E:\VSProject\MyQQ\MyQQ\EntityFrameworkCRUD.cs:行号 36
   在 TestMyQQ.EntityFrameworkCRUDTest.sqlTest() 位置 E:\VSProject\MyQQ\TestMyQQ\EntityFrameworkCRUDTest.cs:行号 98
</StackTrace>
        </ErrorInfo>
      </Output>
    </UnitTestResult>
    <UnitTestResult executionId="18a80f6c-b2bb-4bf0-80d3-1e577301944c" testId="d0734733-d5a1-8f31-a432-02844054dcac" testName="CountTest" computerName="PC201303101751" duration="00:00:00.8765597" startTime="2013-04-15T14:20:59.0145141+08:00" endTime="2013-04-15T14:20:59.9235661+08:00" testType="13cdc9d9-ddb5-4fa4-a97d-d965ccfc6d4b" outcome="Passed" testListId="8c84fa94-04c1-424b-9868-57a2d4851a1d" relativeResultsDirectory="18a80f6c-b2bb-4bf0-80d3-1e577301944c">
    </UnitTestResult>
  </Results>
</TestRun>