<?xml version="1.0" encoding="UTF-8"?>
<TestRun id="279d2264-e937-4932-b556-4fb9e14bf30e" name="Administrator@PC201303101751 2013-04-15 10:07:04" runUser="PC201303101751\Administrator" xmlns="http://microsoft.com/schemas/VisualStudio/TeamTest/2010">
  <TestSettings name="本地" id="c01c5c29-c5de-4fb5-8960-d83782060d91">
    <Description>这些设置为本地测试运行的默认测试设置。</Description>
    <Deployment enabled="false" runDeploymentRoot="Administrator_PC201303101751 2013-04-15 10_07_04">
      <DeploymentItem filename="E:\VSProject\MyQQ\MyQQ\bin\Debug\MyQQ.exe" />
      <DeploymentItem filename="E:\VSProject\MyQQ\MyQQ\bin\Debug\SideBar.dll" />
    </Deployment>
    <Execution>
      <TestTypeSpecific />
      <AgentRule name="Execution Agents">
      </AgentRule>
    </Execution>
  </TestSettings>
  <Times creation="2013-04-15T10:07:04.0423252+08:00" queuing="2013-04-15T10:07:06.8804876+08:00" start="2013-04-15T10:07:07.1155010+08:00" finish="2013-04-15T10:10:26.9939334+08:00" />
  <ResultSummary outcome="Error">
    <Counters total="1" executed="1" error="0" failed="0" timeout="0" aborted="1" inconclusive="0" passedButRunAborted="0" notRunnable="0" notExecuted="0" disconnected="0" warning="0" passed="0" completed="0" inProgress="0" pending="0" />
    <RunInfos>
      <RunInfo computerName="PC201303101751" outcome="Error" timestamp="2013-04-15T10:10:26.9919333+08:00">
        <Text>测试宿主进程意外退出。</Text>
      </RunInfo>
    </RunInfos>
  </ResultSummary>
  <TestDefinitions>
    <UnitTest name="EntityFrameworkCRUDConstructorTest" storage="e:\vsproject\myqq\testmyqq\bin\debug\testmyqq.dll" id="50c6a964-f8ec-1e11-8aa0-a7f17bde8ee5">
      <Execution id="f3780257-147e-4a8e-92b9-51671381b3af" />
      <TestMethod codeBase="E:/VSProject/MyQQ/TestMyQQ/bin/Debug/TestMyQQ.DLL" adapterTypeName="Microsoft.VisualStudio.TestTools.TestTypes.Unit.UnitTestAdapter, Microsoft.VisualStudio.QualityTools.Tips.UnitTest.Adapter, Version=10.0.0.0, Culture=neutral, PublicKeyToken=b03f5f7f11d50a3a" className="TestMyQQ.EntityFrameworkCRUDTest, TestMyQQ, Version=1.0.0.0, Culture=neutral, PublicKeyToken=null" name="EntityFrameworkCRUDConstructorTest" />
    </UnitTest>
  </TestDefinitions>
  <TestLists>
    <TestList name="列表中未列出的结果" id="8c84fa94-04c1-424b-9868-57a2d4851a1d" />
    <TestList name="所有已加载的结果" id="19431567-8539-422a-85d7-44ee4e166bda" />
  </TestLists>
  <TestEntries>
    <TestEntry testId="50c6a964-f8ec-1e11-8aa0-a7f17bde8ee5" executionId="f3780257-147e-4a8e-92b9-51671381b3af" testListId="8c84fa94-04c1-424b-9868-57a2d4851a1d" />
  </TestEntries>
  <Results>
    <UnitTestResult executionId="f3780257-147e-4a8e-92b9-51671381b3af" testId="50c6a964-f8ec-1e11-8aa0-a7f17bde8ee5" testName="EntityFrameworkCRUDConstructorTest" computerName="PC201303101751" duration="00:03:19.7884272" startTime="2013-04-15T10:07:07.2055062+08:00" endTime="2013-04-15T10:10:26.9939334+08:00" testType="13cdc9d9-ddb5-4fa4-a97d-d965ccfc6d4b" outcome="Aborted" testListId="8c84fa94-04c1-424b-9868-57a2d4851a1d" relativeResultsDirectory="f3780257-147e-4a8e-92b9-51671381b3af">
    </UnitTestResult>
  </Results>
</TestRun>