<?xml version="1.0" encoding="UTF-8"?>
<TestRun id="a9065a67-802c-4140-9d1f-6e7840965fc9" name="Administrator@PC201303101751 2013-04-15 10:41:12" runUser="PC201303101751\Administrator" xmlns="http://microsoft.com/schemas/VisualStudio/TeamTest/2010">
  <TestSettings name="本地" id="c01c5c29-c5de-4fb5-8960-d83782060d91">
    <Description>这些设置为本地测试运行的默认测试设置。</Description>
    <Deployment enabled="false" runDeploymentRoot="Administrator_PC201303101751 2013-04-15 10_41_12">
      <DeploymentItem filename="E:\VSProject\MyQQ\MyQQ\bin\Debug\MyQQ.exe" />
      <DeploymentItem filename="E:\VSProject\MyQQ\MyQQ\bin\Debug\SideBar.dll" />
    </Deployment>
    <Execution>
      <TestTypeSpecific />
      <AgentRule name="Execution Agents">
      </AgentRule>
    </Execution>
  </TestSettings>
  <Times creation="2013-04-15T10:41:12.6524990+08:00" queuing="2013-04-15T10:41:16.0276921+08:00" start="2013-04-15T10:41:16.3307094+08:00" finish="2013-04-15T10:42:12.7079340+08:00" />
  <ResultSummary outcome="Error">
    <Counters total="2" executed="2" passed="1" error="0" failed="0" timeout="0" aborted="1" inconclusive="0" passedButRunAborted="0" notRunnable="0" notExecuted="0" disconnected="0" warning="0" completed="0" inProgress="0" pending="0" />
    <RunInfos>
      <RunInfo computerName="PC201303101751" outcome="Error" timestamp="2013-04-15T10:42:12.6389301+08:00">
        <Text>测试宿主进程意外退出。</Text>
      </RunInfo>
    </RunInfos>
  </ResultSummary>
  <TestDefinitions>
    <UnitTest name="CountTest" storage="e:\vsproject\myqq\testmyqq\bin\debug\testmyqq.dll" id="d0734733-d5a1-8f31-a432-02844054dcac">
      <Execution id="49e625bc-5c99-4feb-865a-056e7ade1270" />
      <TestMethod codeBase="E:/VSProject/MyQQ/TestMyQQ/bin/Debug/TestMyQQ.DLL" adapterTypeName="Microsoft.VisualStudio.TestTools.TestTypes.Unit.UnitTestAdapter, Microsoft.VisualStudio.QualityTools.Tips.UnitTest.Adapter, Version=10.0.0.0, Culture=neutral, PublicKeyToken=b03f5f7f11d50a3a" className="TestMyQQ.EntityFrameworkCRUDTest, TestMyQQ, Version=1.0.0.0, Culture=neutral, PublicKeyToken=null" name="CountTest" />
    </UnitTest>
    <UnitTest name="EntityFrameworkCRUDConstructorTest" storage="e:\vsproject\myqq\testmyqq\bin\debug\testmyqq.dll" id="50c6a964-f8ec-1e11-8aa0-a7f17bde8ee5">
      <Execution id="63f1af5b-d1a2-4aff-994a-18b130f75eb2" />
      <TestMethod codeBase="E:/VSProject/MyQQ/TestMyQQ/bin/Debug/TestMyQQ.DLL" adapterTypeName="Microsoft.VisualStudio.TestTools.TestTypes.Unit.UnitTestAdapter, Microsoft.VisualStudio.QualityTools.Tips.UnitTest.Adapter, Version=10.0.0.0, Culture=neutral, PublicKeyToken=b03f5f7f11d50a3a" className="TestMyQQ.EntityFrameworkCRUDTest, TestMyQQ, Version=1.0.0.0, Culture=neutral, PublicKeyToken=null" name="EntityFrameworkCRUDConstructorTest" />
    </UnitTest>
  </TestDefinitions>
  <TestLists>
    <TestList name="列表中未列出的结果" id="8c84fa94-04c1-424b-9868-57a2d4851a1d" />
    <TestList name="所有已加载的结果" id="19431567-8539-422a-85d7-44ee4e166bda" />
  </TestLists>
  <TestEntries>
    <TestEntry testId="50c6a964-f8ec-1e11-8aa0-a7f17bde8ee5" executionId="63f1af5b-d1a2-4aff-994a-18b130f75eb2" testListId="8c84fa94-04c1-424b-9868-57a2d4851a1d" />
    <TestEntry testId="d0734733-d5a1-8f31-a432-02844054dcac" executionId="49e625bc-5c99-4feb-865a-056e7ade1270" testListId="8c84fa94-04c1-424b-9868-57a2d4851a1d" />
  </TestEntries>
  <Results>
    <UnitTestResult executionId="63f1af5b-d1a2-4aff-994a-18b130f75eb2" testId="50c6a964-f8ec-1e11-8aa0-a7f17bde8ee5" testName="EntityFrameworkCRUDConstructorTest" computerName="PC201303101751" duration="00:00:00.3732441" startTime="2013-04-15T10:41:16.4497162+08:00" endTime="2013-04-15T10:41:21.2239893+08:00" testType="13cdc9d9-ddb5-4fa4-a97d-d965ccfc6d4b" outcome="Passed" testListId="8c84fa94-04c1-424b-9868-57a2d4851a1d" relativeResultsDirectory="63f1af5b-d1a2-4aff-994a-18b130f75eb2">
    </UnitTestResult>
    <UnitTestResult executionId="49e625bc-5c99-4feb-865a-056e7ade1270" testId="d0734733-d5a1-8f31-a432-02844054dcac" testName="CountTest" computerName="PC201303101751" duration="00:00:51.4479426" startTime="2013-04-15T10:41:21.2599914+08:00" endTime="2013-04-15T10:42:12.7079340+08:00" testType="13cdc9d9-ddb5-4fa4-a97d-d965ccfc6d4b" outcome="Aborted" testListId="8c84fa94-04c1-424b-9868-57a2d4851a1d" relativeResultsDirectory="49e625bc-5c99-4feb-865a-056e7ade1270">
    </UnitTestResult>
  </Results>
</TestRun>